#
# There is insufficient memory for the Java Runtime Environment to continue.
# Native memory allocation (malloc) failed to allocate 32744 bytes for ChunkPool::allocate
# Possible reasons:
#   The system is out of physical RAM or swap space
#   In 32 bit mode, the process size limit was hit
# Possible solutions:
#   Reduce memory load on the system
#   Increase physical memory or swap space
#   Check if swap backing store is full
#   Use 64 bit Java on a 64 bit OS
#   Decrease Java heap size (-Xmx/-Xms)
#   Decrease number of Java threads
#   Decrease Java thread stack sizes (-Xss)
#   Set larger code cache with -XX:ReservedCodeCacheSize=
# This output file may be truncated or incomplete.
#
#  Out of Memory Error (allocation.cpp:273), pid=14484, tid=10056
#
# JRE version: Java(TM) SE Runtime Environment (8.0_45-b14) (build 1.8.0_45-b14)
# Java VM: Java HotSpot(TM) 64-Bit Server VM (25.45-b02 mixed mode windows-amd64 compressed oops)
# Failed to write core dump. Minidumps are not enabled by default on client versions of Windows
#

---------------  T H R E A D  ---------------

Current thread (0x000000001535e800):  JavaThread "C2 CompilerThread1" daemon [_thread_in_native, id=10056, stack(0x00000000169d0000,0x0000000016ad0000)]

Stack: [0x00000000169d0000,0x0000000016ad0000]
Native frames: (J=compiled Java code, j=interpreted, Vv=VM code, C=native code)
V  [jvm.dll+0x32b57a]


Current CompileTask:
C2: 277471 3272   !   4       java.awt.KeyboardFocusManager::processCurrentLightweightRequests (345 bytes)


---------------  P R O C E S S  ---------------

Java Threads: ( => current thread )
  0x000000001a085800 JavaThread "Image Animator 0" daemon [_thread_blocked, id=13036, stack(0x000000001bac0000,0x000000001bbc0000)]
  0x0000000018581800 JavaThread "Image Animator 3" daemon [_thread_blocked, id=2768, stack(0x0000000017be0000,0x0000000017ce0000)]
  0x00000000183fa800 JavaThread "Thread-2" [_thread_in_native, id=15192, stack(0x0000000019820000,0x0000000019920000)]
  0x0000000002cf0800 JavaThread "DestroyJavaVM" [_thread_blocked, id=9528, stack(0x0000000002bf0000,0x0000000002cf0000)]
  0x00000000180e8000 JavaThread "AWT-EventQueue-0" [_thread_blocked, id=12836, stack(0x00000000186e0000,0x00000000187e0000)]
  0x0000000016f41800 JavaThread "AWT-Windows" daemon [_thread_in_native, id=13380, stack(0x0000000017520000,0x0000000017620000)]
  0x0000000016f3f000 JavaThread "AWT-Shutdown" [_thread_blocked, id=13284, stack(0x0000000017420000,0x0000000017520000)]
  0x0000000016f3e000 JavaThread "Java2D Disposer" daemon [_thread_blocked, id=10716, stack(0x0000000017320000,0x0000000017420000)]
  0x0000000016c00800 JavaThread "Service Thread" daemon [_thread_blocked, id=16348, stack(0x0000000016fd0000,0x00000000170d0000)]
  0x000000001536e000 JavaThread "C1 CompilerThread2" daemon [_thread_blocked, id=7640, stack(0x0000000016ad0000,0x0000000016bd0000)]
=>0x000000001535e800 JavaThread "C2 CompilerThread1" daemon [_thread_in_native, id=10056, stack(0x00000000169d0000,0x0000000016ad0000)]
  0x000000001535c800 JavaThread "C2 CompilerThread0" daemon [_thread_blocked, id=14272, stack(0x00000000168d0000,0x00000000169d0000)]
  0x000000001535b800 JavaThread "Attach Listener" daemon [_thread_blocked, id=12904, stack(0x00000000167d0000,0x00000000168d0000)]
  0x000000001535a800 JavaThread "Signal Dispatcher" daemon [_thread_blocked, id=5144, stack(0x00000000166d0000,0x00000000167d0000)]
  0x0000000002de8000 JavaThread "Finalizer" daemon [_thread_blocked, id=11520, stack(0x00000000165d0000,0x00000000166d0000)]
  0x0000000015329000 JavaThread "Reference Handler" daemon [_thread_blocked, id=14720, stack(0x00000000164d0000,0x00000000165d0000)]

Other Threads:
  0x0000000015327800 VMThread [stack: 0x00000000163d0000,0x00000000164d0000] [id=6952]
  0x00000000153bc800 WatcherThread [stack: 0x00000000170d0000,0x00000000171d0000] [id=15572]

VM state:not at safepoint (normal execution)

VM Mutex/Monitor currently owned by a thread: None

Heap:
 PSYoungGen      total 264192K, used 161614K [0x00000000eb700000, 0x00000000fe380000, 0x0000000100000000)
  eden space 231936K, 55% used [0x00000000eb700000,0x00000000f35ceb60,0x00000000f9980000)
  from space 32256K, 98% used [0x00000000fae80000,0x00000000fcd85078,0x00000000fce00000)
  to   space 22016K, 0% used [0x00000000fce00000,0x00000000fce00000,0x00000000fe380000)
 ParOldGen       total 54272K, used 43773K [0x00000000c2400000, 0x00000000c5900000, 0x00000000eb700000)
  object space 54272K, 80% used [0x00000000c2400000,0x00000000c4ebf7a0,0x00000000c5900000)
 Metaspace       used 13943K, capacity 14108K, committed 14464K, reserved 1062912K
  class space    used 1567K, capacity 1642K, committed 1664K, reserved 1048576K

Card table byte_map: [0x00000000121b0000,0x00000000123a0000] byte_map_base: 0x0000000011b9e000

Marking Bits: (ParMarkBitMap*) 0x000000006ef24040
 Begin Bits: [0x00000000128f0000, 0x0000000013860000)
 End Bits:   [0x0000000013860000, 0x00000000147d0000)

Polling page: 0x0000000002980000

CodeCache: size=245760Kb used=10183Kb max_used=10743Kb free=235576Kb
 bounds [0x0000000002df0000, 0x00000000038b0000, 0x0000000011df0000]
 total_blobs=3296 nmethods=2790 adapters=416
 compilation: enabled

Compilation events (10 events):
Event: 260.923 Thread 0x000000001535e800 nmethod 3266% 0x0000000002fc1d10 code [0x0000000002fc1e80, 0x0000000002fc22e8]
Event: 261.637 Thread 0x000000001536e000 3267       3       java.util.LinkedList::remove (77 bytes)
Event: 261.637 Thread 0x000000001536e000 nmethod 3267 0x0000000002fc0910 code [0x0000000002fc0ac0, 0x0000000002fc0fc8]
Event: 262.400 Thread 0x000000001535c800 3268       4       java.awt.Container::getInsets (5 bytes)
Event: 262.402 Thread 0x000000001535c800 nmethod 3268 0x0000000003036010 code [0x0000000003036160, 0x0000000003036368]
Event: 262.630 Thread 0x000000001535e800 3269       4       java.awt.EventQueue::setCurrentEventAndMostRecentTime (8 bytes)
Event: 262.636 Thread 0x000000001535e800 nmethod 3269 0x00000000030eda90 code [0x00000000030edc60, 0x00000000030ee3e8]
Event: 265.475 Thread 0x000000001536e000 3270       3       java.awt.Component::dispatchEventImpl (883 bytes)
Event: 265.485 Thread 0x000000001536e000 nmethod 3270 0x00000000031e84d0 code [0x00000000031e8f00, 0x00000000031f1798]
Event: 277.465 Thread 0x000000001535e800 3272   !   4       java.awt.KeyboardFocusManager::processCurrentLightweightRequests (345 bytes)

GC Heap History (10 events):
Event: 24.691 GC heap before
{Heap before GC invocations=31 (full 2):
 PSYoungGen      total 266240K, used 257110K [0x00000000eb700000, 0x00000000fd380000, 0x0000000100000000)
  eden space 246272K, 99% used [0x00000000eb700000,0x00000000fa77fe98,0x00000000fa780000)
  from space 19968K, 54% used [0x00000000fc000000,0x00000000fca95b08,0x00000000fd380000)
  to   space 22528K, 0% used [0x00000000fa780000,0x00000000fa780000,0x00000000fbd80000)
 ParOldGen       total 54272K, used 39537K [0x00000000c2400000, 0x00000000c5900000, 0x00000000eb700000)
  object space 54272K, 72% used [0x00000000c2400000,0x00000000c4a9c710,0x00000000c5900000)
 Metaspace       used 13491K, capacity 13682K, committed 13952K, reserved 1060864K
  class space    used 1554K, capacity 1607K, committed 1664K, reserved 1048576K
Event: 24.696 GC heap after
Heap after GC invocations=31 (full 2):
 PSYoungGen      total 268800K, used 7609K [0x00000000eb700000, 0x00000000fde80000, 0x0000000100000000)
  eden space 246272K, 0% used [0x00000000eb700000,0x00000000eb700000,0x00000000fa780000)
  from space 22528K, 33% used [0x00000000fa780000,0x00000000faeee688,0x00000000fbd80000)
  to   space 22528K, 0% used [0x00000000fc880000,0x00000000fc880000,0x00000000fde80000)
 ParOldGen       total 54272K, used 39553K [0x00000000c2400000, 0x00000000c5900000, 0x00000000eb700000)
  object space 54272K, 72% used [0x00000000c2400000,0x00000000c4aa0710,0x00000000c5900000)
 Metaspace       used 13491K, capacity 13682K, committed 13952K, reserved 1060864K
  class space    used 1554K, capacity 1607K, committed 1664K, reserved 1048576K
}
Event: 76.433 GC heap before
{Heap before GC invocations=32 (full 2):
 PSYoungGen      total 268800K, used 253881K [0x00000000eb700000, 0x00000000fde80000, 0x0000000100000000)
  eden space 246272K, 100% used [0x00000000eb700000,0x00000000fa780000,0x00000000fa780000)
  from space 22528K, 33% used [0x00000000fa780000,0x00000000faeee688,0x00000000fbd80000)
  to   space 22528K, 0% used [0x00000000fc880000,0x00000000fc880000,0x00000000fde80000)
 ParOldGen       total 54272K, used 39553K [0x00000000c2400000, 0x00000000c5900000, 0x00000000eb700000)
  object space 54272K, 72% used [0x00000000c2400000,0x00000000c4aa07a0,0x00000000c5900000)
 Metaspace       used 13906K, capacity 14098K, committed 14208K, reserved 1062912K
  class space    used 1564K, capacity 1639K, committed 1664K, reserved 1048576K
Event: 76.466 GC heap after
Heap after GC invocations=32 (full 2):
 PSYoungGen      total 276480K, used 22516K [0x00000000eb700000, 0x00000000fe380000, 0x0000000100000000)
  eden space 253952K, 0% used [0x00000000eb700000,0x00000000eb700000,0x00000000faf00000)
  from space 22528K, 99% used [0x00000000fc880000,0x00000000fde7d048,0x00000000fde80000)
  to   space 26112K, 0% used [0x00000000faf00000,0x00000000faf00000,0x00000000fc880000)
 ParOldGen       total 54272K, used 41977K [0x00000000c2400000, 0x00000000c5900000, 0x00000000eb700000)
  object space 54272K, 77% used [0x00000000c2400000,0x00000000c4cfe7d0,0x00000000c5900000)
 Metaspace       used 13906K, capacity 14098K, committed 14208K, reserved 1062912K
  class space    used 1564K, capacity 1639K, committed 1664K, reserved 1048576K
}
Event: 110.518 GC heap before
{Heap before GC invocations=33 (full 2):
 PSYoungGen      total 276480K, used 276468K [0x00000000eb700000, 0x00000000fe380000, 0x0000000100000000)
  eden space 253952K, 100% used [0x00000000eb700000,0x00000000faf00000,0x00000000faf00000)
  from space 22528K, 99% used [0x00000000fc880000,0x00000000fde7d048,0x00000000fde80000)
  to   space 26112K, 0% used [0x00000000faf00000,0x00000000faf00000,0x00000000fc880000)
 ParOldGen       total 54272K, used 41980K [0x00000000c2400000, 0x00000000c5900000, 0x00000000eb700000)
  object space 54272K, 77% used [0x00000000c2400000,0x00000000c4cff1a0,0x00000000c5900000)
 Metaspace       used 13906K, capacity 14098K, committed 14208K, reserved 1062912K
  class space    used 1564K, capacity 1639K, committed 1664K, reserved 1048576K
Event: 110.560 GC heap after
Heap after GC invocations=33 (full 2):
 PSYoungGen      total 280064K, used 26100K [0x00000000eb700000, 0x00000000ff200000, 0x0000000100000000)
  eden space 253952K, 0% used [0x00000000eb700000,0x00000000eb700000,0x00000000faf00000)
  from space 26112K, 99% used [0x00000000faf00000,0x00000000fc87d068,0x00000000fc880000)
  to   space 30208K, 0% used [0x00000000fd480000,0x00000000fd480000,0x00000000ff200000)
 ParOldGen       total 54272K, used 42996K [0x00000000c2400000, 0x00000000c5900000, 0x00000000eb700000)
  object space 54272K, 79% used [0x00000000c2400000,0x00000000c4dfd1a0,0x00000000c5900000)
 Metaspace       used 13906K, capacity 14098K, committed 14208K, reserved 1062912K
  class space    used 1564K, capacity 1639K, committed 1664K, reserved 1048576K
}
Event: 224.023 GC heap before
{Heap before GC invocations=34 (full 2):
 PSYoungGen      total 280064K, used 280052K [0x00000000eb700000, 0x00000000ff200000, 0x0000000100000000)
  eden space 253952K, 100% used [0x00000000eb700000,0x00000000faf00000,0x00000000faf00000)
  from space 26112K, 99% used [0x00000000faf00000,0x00000000fc87d068,0x00000000fc880000)
  to   space 30208K, 0% used [0x00000000fd480000,0x00000000fd480000,0x00000000ff200000)
 ParOldGen       total 54272K, used 43725K [0x00000000c2400000, 0x00000000c5900000, 0x00000000eb700000)
  object space 54272K, 80% used [0x00000000c2400000,0x00000000c4eb35b0,0x00000000c5900000)
 Metaspace       used 13937K, capacity 14108K, committed 14464K, reserved 1062912K
  class space    used 1567K, capacity 1642K, committed 1664K, reserved 1048576K
Event: 224.073 GC heap after
Heap after GC invocations=34 (full 2):
 PSYoungGen      total 271360K, used 28395K [0x00000000eb700000, 0x00000000ff080000, 0x0000000100000000)
  eden space 242688K, 0% used [0x00000000eb700000,0x00000000eb700000,0x00000000fa400000)
  from space 28672K, 99% used [0x00000000fd480000,0x00000000ff03ac68,0x00000000ff080000)
  to   space 33792K, 0% used [0x00000000fae80000,0x00000000fae80000,0x00000000fcf80000)
 ParOldGen       total 54272K, used 43741K [0x00000000c2400000, 0x00000000c5900000, 0x00000000eb700000)
  object space 54272K, 80% used [0x00000000c2400000,0x00000000c4eb75b0,0x00000000c5900000)
 Metaspace       used 13937K, capacity 14108K, committed 14464K, reserved 1062912K
  class space    used 1567K, capacity 1642K, committed 1664K, reserved 1048576K
}
Event: 259.613 GC heap before
{Heap before GC invocations=35 (full 2):
 PSYoungGen      total 271360K, used 271083K [0x00000000eb700000, 0x00000000ff080000, 0x0000000100000000)
  eden space 242688K, 100% used [0x00000000eb700000,0x00000000fa400000,0x00000000fa400000)
  from space 28672K, 99% used [0x00000000fd480000,0x00000000ff03ac68,0x00000000ff080000)
  to   space 33792K, 0% used [0x00000000fae80000,0x00000000fae80000,0x00000000fcf80000)
 ParOldGen       total 54272K, used 43773K [0x00000000c2400000, 0x00000000c5900000, 0x00000000eb700000)
  object space 54272K, 80% used [0x00000000c2400000,0x00000000c4ebf7a0,0x00000000c5900000)
 Metaspace       used 13940K, capacity 14108K, committed 14464K, reserved 1062912K
  class space    used 1567K, capacity 1642K, committed 1664K, reserved 1048576K
Event: 259.644 GC heap after
Heap after GC invocations=35 (full 2):
 PSYoungGen      total 264192K, used 31764K [0x00000000eb700000, 0x00000000fe380000, 0x0000000100000000)
  eden space 231936K, 0% used [0x00000000eb700000,0x00000000eb700000,0x00000000f9980000)
  from space 32256K, 98% used [0x00000000fae80000,0x00000000fcd85078,0x00000000fce00000)
  to   space 22016K, 0% used [0x00000000fce00000,0x00000000fce00000,0x00000000fe380000)
 ParOldGen       total 54272K, used 43773K [0x00000000c2400000, 0x00000000c5900000, 0x00000000eb700000)
  object space 54272K, 80% used [0x00000000c2400000,0x00000000c4ebf7a0,0x00000000c5900000)
 Metaspace       used 13940K, capacity 14108K, committed 14464K, reserved 1062912K
  class space    used 1567K, capacity 1642K, committed 1664K, reserved 1048576K
}

Deoptimization events (10 events):
Event: 28.311 Thread 0x00000000180e8000 Uncommon trap: reason=unstable_if action=reinterpret pc=0x0000000003489f00 method=java.awt.Font.equals(Ljava/lang/Object;)Z @ 90
Event: 31.101 Thread 0x00000000183fa800 Uncommon trap: reason=unstable_if action=reinterpret pc=0x0000000003067190 method=java.util.concurrent.ConcurrentLinkedQueue.offer(Ljava/lang/Object;)Z @ 40
Event: 34.604 Thread 0x00000000183fa800 Uncommon trap: reason=unstable_if action=reinterpret pc=0x00000000030740d8 method=java.awt.Component.inside(II)Z @ 9
Event: 53.740 Thread 0x00000000183fa800 Uncommon trap: reason=unstable_if action=reinterpret pc=0x000000000370d6bc method=java.util.concurrent.ConcurrentLinkedQueue.poll()Ljava/lang/Object; @ 74
Event: 76.615 Thread 0x00000000180e8000 Uncommon trap: reason=unstable_if action=reinterpret pc=0x00000000037441b4 method=java.util.concurrent.ConcurrentLinkedQueue.offer(Ljava/lang/Object;)Z @ 72
Event: 193.267 Thread 0x00000000180e8000 Uncommon trap: reason=unstable_if action=reinterpret pc=0x000000000381669c method=sun.awt.GlobalCursorManager._updateCursor(Z)V @ 37
Event: 193.268 Thread 0x00000000180e8000 Uncommon trap: reason=unstable_if action=reinterpret pc=0x000000000385c770 method=sun.awt.GlobalCursorManager._updateCursor(Z)V @ 37
Event: 193.504 Thread 0x00000000180e8000 Uncommon trap: reason=unstable_if action=reinterpret pc=0x00000000034437a0 method=sun.awt.GlobalCursorManager._updateCursor(Z)V @ 37
Event: 260.919 Thread 0x00000000180e8000 Uncommon trap: reason=unstable_if action=reinterpret pc=0x00000000030b073c method=java.util.LinkedList.remove(Ljava/lang/Object;)Z @ 56
Event: 260.920 Thread 0x00000000180e8000 Uncommon trap: reason=unstable_if action=reinterpret pc=0x0000000003854ffc method=java.awt.Component.dispatchEventImpl(Ljava/awt/AWTEvent;)V @ 871

Internal exceptions (10 events):
Event: 35.599 Thread 0x00000000180e8000 Exception <a 'java/lang/ClassCastException'> (0x00000000ed4f4d58) thrown at [C:\re\workspace\8-2-build-windows-amd64-cygwin\jdk8u45\3457\hotspot\src\share\vm\runtime\sharedRuntime.cpp, line 605]
Event: 35.599 Thread 0x00000000180e8000 Exception <a 'java/lang/ClassCastException'> (0x00000000ed4f4d58) thrown at [C:\re\workspace\8-2-build-windows-amd64-cygwin\jdk8u45\3457\hotspot\src\share\vm\prims\jvm.cpp, line 1386]
Event: 35.599 Thread 0x00000000180e8000 Exception <a 'java/lang/ClassCastException'> (0x00000000ed4f4d58) thrown at [C:\re\workspace\8-2-build-windows-amd64-cygwin\jdk8u45\3457\hotspot\src\share\vm\prims\jvm.cpp, line 1386]
Event: 40.183 Thread 0x000000001a0bc000 Exception <a 'java/lang/InterruptedException': sleep interrupted> (0x00000000ee0b4c20) thrown at [C:\re\workspace\8-2-build-windows-amd64-cygwin\jdk8u45\3457\hotspot\src\share\vm\prims\jvm.cpp, line 3163]
Event: 40.202 Thread 0x000000001a0bc000 Exception <a 'java/lang/InterruptedException': sleep interrupted> (0x00000000ee13fe70) thrown at [C:\re\workspace\8-2-build-windows-amd64-cygwin\jdk8u45\3457\hotspot\src\share\vm\prims\jvm.cpp, line 3163]
Event: 40.214 Thread 0x000000001a0bc000 Exception <a 'java/lang/InterruptedException': sleep interrupted> (0x00000000ee1cb1b0) thrown at [C:\re\workspace\8-2-build-windows-amd64-cygwin\jdk8u45\3457\hotspot\src\share\vm\prims\jvm.cpp, line 3163]
Event: 193.267 Thread 0x00000000180e8000 Implicit null exception at 0x0000000003814fdf to 0x0000000003816679
Event: 193.268 Thread 0x00000000180e8000 Implicit null exception at 0x000000000385ba6f to 0x000000000385c751
Event: 193.504 Thread 0x00000000180e8000 Implicit null exception at 0x0000000003442513 to 0x000000000344378d
Event: 260.920 Thread 0x00000000180e8000 Implicit null exception at 0x0000000003853565 to 0x0000000003854fed

Events (10 events):
Event: 265.485 Thread 0x000000001536e000 flushing nmethod 0x000000000341a0d0
Event: 265.485 Thread 0x000000001536e000 flushing nmethod 0x0000000003425f50
Event: 265.485 Thread 0x000000001536e000 flushing nmethod 0x000000000342bdd0
Event: 265.485 Thread 0x000000001536e000 flushing nmethod 0x0000000003432d50
Event: 266.257 Thread 0x00000000180e8000 DEOPT PACKING pc=0x0000000002fc0eb5 sp=0x00000000187d9e50
Event: 266.257 Thread 0x00000000180e8000 DEOPT UNPACKING pc=0x0000000002e3787f sp=0x00000000187d9b78 mode 0
Event: 270.743 Thread 0x00000000180e8000 DEOPT PACKING pc=0x0000000002fc0eb5 sp=0x00000000187d9e50
Event: 270.743 Thread 0x00000000180e8000 DEOPT UNPACKING pc=0x0000000002e3787f sp=0x00000000187d9b78 mode 0
Event: 277.466 Thread 0x00000000180e8000 DEOPT PACKING pc=0x0000000002fc0eb5 sp=0x00000000187d9e50
Event: 277.466 Thread 0x00000000180e8000 DEOPT UNPACKING pc=0x0000000002e3787f sp=0x00000000187d9b78 mode 0


Dynamic libraries:
0x00007ff737940000 - 0x00007ff737977000 	C:\Program Files\Java\jdk1.8.0_45\bin\java.exe
0x00007ffed6010000 - 0x00007ffed6227000 	C:\WINDOWS\SYSTEM32\ntdll.dll
0x00007ffed4b00000 - 0x00007ffed4bc4000 	C:\WINDOWS\System32\KERNEL32.DLL
0x00007ffed3930000 - 0x00007ffed3cd5000 	C:\WINDOWS\System32\KERNELBASE.dll
0x00007ffed5e20000 - 0x00007ffed5ed1000 	C:\WINDOWS\System32\ADVAPI32.dll
0x00007ffed4730000 - 0x00007ffed47d7000 	C:\WINDOWS\System32\msvcrt.dll
0x00007ffed4930000 - 0x00007ffed49d6000 	C:\WINDOWS\System32\sechost.dll
0x00007ffed5460000 - 0x00007ffed5577000 	C:\WINDOWS\System32\RPCRT4.dll
0x00007ffed4cd0000 - 0x00007ffed4e7e000 	C:\WINDOWS\System32\USER32.dll
0x00007ffed34f0000 - 0x00007ffed3516000 	C:\WINDOWS\System32\win32u.dll
0x00007ffed5df0000 - 0x00007ffed5e19000 	C:\WINDOWS\System32\GDI32.dll
0x00007ffed3750000 - 0x00007ffed3869000 	C:\WINDOWS\System32\gdi32full.dll
0x00007ffed3520000 - 0x00007ffed35ba000 	C:\WINDOWS\System32\msvcp_win.dll
0x00007ffed3630000 - 0x00007ffed3741000 	C:\WINDOWS\System32\ucrtbase.dll
0x00007ffed2560000 - 0x00007ffed27f3000 	C:\WINDOWS\WinSxS\amd64_microsoft.windows.common-controls_6595b64144ccf1df_6.0.22621.2506_none_270c5ae97388e100\COMCTL32.dll
0x00007ffed5f90000 - 0x00007ffed5fc1000 	C:\WINDOWS\System32\IMM32.DLL
0x000000006e150000 - 0x000000006e222000 	C:\Program Files\Java\jdk1.8.0_45\jre\bin\msvcr100.dll
0x000000006e720000 - 0x000000006efa3000 	C:\Program Files\Java\jdk1.8.0_45\jre\bin\server\jvm.dll
0x00007ffed3e60000 - 0x00007ffed3e68000 	C:\WINDOWS\System32\PSAPI.DLL
0x00007ffeafea0000 - 0x00007ffeafea9000 	C:\WINDOWS\SYSTEM32\WSOCK32.dll
0x00007ffeca8b0000 - 0x00007ffeca8e4000 	C:\WINDOWS\SYSTEM32\WINMM.dll
0x00007ffed4c50000 - 0x00007ffed4cc1000 	C:\WINDOWS\System32\WS2_32.dll
0x00007ffec4da0000 - 0x00007ffec4daa000 	C:\WINDOWS\SYSTEM32\VERSION.dll
0x000000006e630000 - 0x000000006e63f000 	C:\Program Files\Java\jdk1.8.0_45\jre\bin\verify.dll
0x000000006e600000 - 0x000000006e629000 	C:\Program Files\Java\jdk1.8.0_45\jre\bin\java.dll
0x000000006e5e0000 - 0x000000006e5f6000 	C:\Program Files\Java\jdk1.8.0_45\jre\bin\zip.dll
0x00007ffed5580000 - 0x00007ffed5dd9000 	C:\WINDOWS\System32\SHELL32.dll
0x00007ffed0a20000 - 0x00007ffed1314000 	C:\WINDOWS\SYSTEM32\windows.storage.dll
0x00007ffed4e80000 - 0x00007ffed5209000 	C:\WINDOWS\System32\combase.dll
0x00007ffed08e0000 - 0x00007ffed0a1e000 	C:\WINDOWS\SYSTEM32\wintypes.dll
0x00007ffed3d60000 - 0x00007ffed3e53000 	C:\WINDOWS\System32\SHCORE.dll
0x00007ffed43a0000 - 0x00007ffed43fe000 	C:\WINDOWS\System32\shlwapi.dll
0x00007ffed32b0000 - 0x00007ffed32d6000 	C:\WINDOWS\SYSTEM32\profapi.dll
0x000000006df70000 - 0x000000006e108000 	C:\Program Files\Java\jdk1.8.0_45\jre\bin\awt.dll
0x00007ffed4400000 - 0x00007ffed44d7000 	C:\WINDOWS\System32\OLEAUT32.dll
0x00007ffecfaf0000 - 0x00007ffecfb87000 	C:\WINDOWS\SYSTEM32\apphelp.dll
0x00007ffecfc10000 - 0x00007ffecfcbb000 	C:\WINDOWS\system32\uxtheme.dll
0x00007ffed47e0000 - 0x00007ffed492f000 	C:\WINDOWS\System32\MSCTF.dll
0x00007ffed5210000 - 0x00007ffed53b0000 	C:\WINDOWS\System32\ole32.dll
0x00007ffed1ac0000 - 0x00007ffed1ad8000 	C:\WINDOWS\SYSTEM32\kernel.appcore.dll
0x00007ffed3ce0000 - 0x00007ffed3d5a000 	C:\WINDOWS\System32\bcryptPrimitives.dll
0x00007ffed03d0000 - 0x00007ffed03fb000 	C:\WINDOWS\system32\DWMAPI.DLL
0x000000006df20000 - 0x000000006df67000 	C:\Program Files\Java\jdk1.8.0_45\jre\bin\fontmanager.dll
0x000000006e5b0000 - 0x000000006e5ca000 	C:\Program Files\Java\jdk1.8.0_45\jre\bin\net.dll
0x00007ffed2080000 - 0x00007ffed20e9000 	C:\WINDOWS\system32\mswsock.dll
0x000000006e590000 - 0x000000006e5a1000 	C:\Program Files\Java\jdk1.8.0_45\jre\bin\nio.dll
0x000000006ded0000 - 0x000000006df11000 	C:\Program Files\Java\jdk1.8.0_45\jre\bin\t2k.dll
0x00007ffeb9bc0000 - 0x00007ffeb9d0a000 	C:\WINDOWS\SYSTEM32\textinputframework.dll
0x000000006dea0000 - 0x000000006deca000 	C:\Program Files\Java\jdk1.8.0_45\jre\bin\dcpr.dll
0x00007ffecf800000 - 0x00007ffecf933000 	C:\WINDOWS\SYSTEM32\CoreMessaging.dll
0x00007ffecd150000 - 0x00007ffecd4bc000 	C:\WINDOWS\SYSTEM32\CoreUIComponents.dll
0x00007ffed23a0000 - 0x00007ffed23ac000 	C:\WINDOWS\SYSTEM32\CRYPTBASE.DLL
0x00007ffed42f0000 - 0x00007ffed43a0000 	C:\WINDOWS\System32\clbcatq.dll

VM Arguments:
jvm_args: -Dfile.encoding=UTF-8 
java_command: Screen
java_class_path (initial): C:\Program Files\NetBeans 8.0.2\java\modules\ext\AbsoluteLayout.jar;C:\Users\JayLouie\Documents\NetBeansProjectsb\PingPong\build\classes
Launcher Type: SUN_STANDARD

Environment Variables:
JAVA_HOME=C:\Program Files\Java\jdk-21
PATH=C:\Program Files\Common Files\Oracle\Java\javapath;C:\WINDOWS\system32;C:\WINDOWS;C:\WINDOWS\System32\Wbem;C:\WINDOWS\System32\WindowsPowerShell\v1.0\;C:\WINDOWS\System32\OpenSSH\;C:\Program Files\Java\jdk-21\bin;C:\Users\JayLouie\AppData\Local\Microsoft\WindowsApps;C:\MinGW\bin
USERNAME=JayLouie
OS=Windows_NT
PROCESSOR_IDENTIFIER=Intel64 Family 6 Model 142 Stepping 12, GenuineIntel



---------------  S Y S T E M  ---------------

OS: Windows 10.0 , 64 bit Build 22621 (10.0.22621.2506)

CPU:total 4 (2 cores per cpu, 2 threads per core) family 6 model 142 stepping 12, cmov, cx8, fxsr, mmx, sse, sse2, sse3, ssse3, sse4.1, sse4.2, popcnt, avx, avx2, aes, clmul, erms, 3dnowpref, lzcnt, ht, tsc, tscinvbit, bmi1, bmi2, adx

Memory: 4k page, physical 4042016k(701836k free), swap 16624928k(0k free)

vm_info: Java HotSpot(TM) 64-Bit Server VM (25.45-b02) for windows-amd64 JRE (1.8.0_45-b14), built on Apr 10 2015 10:34:15 by "java_re" with MS VC++ 10.0 (VS2010)

time: Thu Dec 14 12:06:09 2023
elapsed time: 277 seconds (0d 0h 4m 37s)

